<?xml version="1.0" encoding="UTF-8"?>
<!-- Generated by org.testng.reporters.JUnitReportReporter -->
<testsuite skipped="0" hostname="FAIZA-QA" name="pk.tellermate.testcases.TC_Login" tests="2" failures="0" timestamp="23 Apr 2019 07:19:52 GMT" time="4.339" errors="0">
  <testcase name="verifyLogin" time="3.649" classname="pk.tellermate.testcases.TC_Login"/>
  <testcase name="verifyDashboard" time="0.690" classname="pk.tellermate.testcases.TC_Login"/>
</testsuite> <!-- pk.tellermate.testcases.TC_Login -->
