<?xml version="1.0" encoding="UTF-8"?>
<!-- Generated by org.testng.reporters.JUnitReportReporter -->
<testsuite skipped="0" hostname="FAIZA-QA" name="pk.tellermate.testcases.TC_payBill" tests="3" failures="0" timestamp="24 Apr 2019 13:27:04 GMT" time="5.887" errors="0">
  <testcase name="verifyLogin" time="2.230" classname="pk.tellermate.testcases.TC_payBill"/>
  <testcase name="openPayBill" time="1.393" classname="pk.tellermate.testcases.TC_payBill"/>
  <testcase name="verifySearch" time="2.264" classname="pk.tellermate.testcases.TC_payBill"/>
</testsuite> <!-- pk.tellermate.testcases.TC_payBill -->
