<?xml version="1.0" encoding="UTF-8"?>
<!-- Generated by org.testng.reporters.JUnitReportReporter -->
<testsuite skipped="0" hostname="FAIZA-QA" name="pk.tellermate.testcases.TC_payBill" tests="3" failures="0" timestamp="23 Apr 2019 13:23:12 GMT" time="12.133" errors="0">
  <testcase name="verifyLogin" time="1.488" classname="pk.tellermate.testcases.TC_payBill"/>
  <testcase name="openPayBill" time="0.846" classname="pk.tellermate.testcases.TC_payBill"/>
  <testcase name="verifySearch" time="9.799" classname="pk.tellermate.testcases.TC_payBill"/>
</testsuite> <!-- pk.tellermate.testcases.TC_payBill -->
