<?xml version="1.0" encoding="UTF-8"?>
<!-- Generated by org.testng.reporters.JUnitReportReporter -->
<testsuite skipped="0" hostname="FAIZA-QA" name="pk.tellermate.testcases.TC_Login" tests="2" failures="0" timestamp="18 Apr 2019 10:02:51 GMT" time="2.491" errors="0">
  <testcase name="verifyLogin" time="1.993" classname="pk.tellermate.testcases.TC_Login"/>
  <testcase name="verifyDashboard" time="0.498" classname="pk.tellermate.testcases.TC_Login"/>
</testsuite> <!-- pk.tellermate.testcases.TC_Login -->
